<?xml version="1.0" encoding="UTF-8"?>
<!-- Generated by org.testng.reporters.JUnitReportReporter -->
<testsuite name="org.test1.Program1" tests="1" time="3.500" ignored="0" failures="0" timestamp="20 Apr 2022 06:21:06 GMT" skipped="0" hostname="LAPTOP-A9456698" errors="0">
  <testcase name="productSrch" time="3.500" classname="org.test1.Program1"/>
</testsuite> <!-- org.test1.Program1 -->
