<?xml version="1.0" encoding="UTF-8"?>
<!-- Generated by org.testng.reporters.JUnitReportReporter -->
<testsuite name="org.practice.datasExecute" tests="3" time="11.366" ignored="0" failures="0" timestamp="15 Apr 2022 01:27:19 GMT" skipped="0" hostname="LAPTOP-A9456698" errors="0">
  <testcase name="t1" time="1.239" classname="org.practice.datasExecute"/>
  <testcase name="t1" time="4.888" classname="org.practice.datasExecute"/>
  <testcase name="t1" time="5.239" classname="org.practice.datasExecute"/>
</testsuite> <!-- org.practice.datasExecute -->
