<?xml version="1.0" encoding="UTF-8"?>
<!-- Generated by org.testng.reporters.JUnitReportReporter -->
<testsuite name="org.assertpractice.Adactin" tests="2" time="2.417" ignored="1" failures="0" timestamp="15 Apr 2022 02:30:53 GMT" skipped="0" hostname="LAPTOP-A9456698" errors="0">
  <testcase name="t1" time="1.615" classname="org.assertpractice.Adactin"/>
  <testcase name="t2" time="0.802" classname="org.assertpractice.Adactin"/>
  <testcase name="t3" classname="org.assertpractice.Adactin">
    <skipped/>
  </testcase> <!-- t3 -->
</testsuite> <!-- org.assertpractice.Adactin -->
