<?xml version="1.0" encoding="UTF-8"?>
<!-- Generated by org.testng.reporters.JUnitReportReporter -->
<testsuite name="org.dataexcel.DataExcel" tests="1" time="0.000" ignored="0" failures="0" timestamp="11 Apr 2022 07:20:38 GMT" skipped="1" hostname="LAPTOP-A9456698" errors="0">
  <testcase name="datecheck" time="0.000" classname="org.dataexcel.DataExcel">
    <skipped/>
  </testcase> <!-- datecheck -->
</testsuite> <!-- org.dataexcel.DataExcel -->
