<?xml version="1.0" encoding="UTF-8"?>
<!-- Generated by org.testng.reporters.JUnitReportReporter -->
<testsuite name="org.test.Task1MainPage" tests="1" time="2.910" ignored="0" failures="0" timestamp="20 Apr 2022 04:51:53 GMT" skipped="0" hostname="LAPTOP-A9456698" errors="0">
  <testcase name="productSrch" time="2.910" classname="org.test.Task1MainPage"/>
</testsuite> <!-- org.test.Task1MainPage -->
