<?xml version="1.0" encoding="UTF-8"?>
<!-- Generated by org.testng.reporters.JUnitReportReporter -->
<testsuite name="org.groups.FB111" tests="1" time="12.394" ignored="0" failures="0" timestamp="15 Apr 2022 01:56:35 GMT" skipped="0" hostname="LAPTOP-A9456698" errors="0">
  <testcase name="test3B" time="12.394" classname="org.groups.FB111"/>
</testsuite> <!-- org.groups.FB111 -->
