<?xml version="1.0" encoding="UTF-8"?>
<!-- Generated by org.testng.reporters.JUnitReportReporter -->
<testsuite name="org.dataprovider.Adactin" tests="2" time="4.022" ignored="1" failures="0" timestamp="04 Apr 2022 05:15:56 GMT" skipped="0" hostname="LAPTOP-A9456698" errors="0">
  <testcase name="t2" time="2.068" classname="org.dataprovider.Adactin"/>
  <testcase name="t1" time="1.954" classname="org.dataprovider.Adactin"/>
  <testcase name="t3" classname="org.dataprovider.Adactin">
    <skipped/>
  </testcase> <!-- t3 -->
</testsuite> <!-- org.dataprovider.Adactin -->
