<?xml version="1.0" encoding="UTF-8"?>
<!-- Generated by org.testng.reporters.JUnitReportReporter -->
<testsuite name="org.crssbrows.CrossProject" tests="2" time="3.600" ignored="0" failures="0" timestamp="14 Apr 2022 14:24:54 GMT" skipped="0" hostname="LAPTOP-A9456698" errors="0">
  <testcase name="logintest" time="2.269" classname="org.crssbrows.CrossProject"/>
  <testcase name="logintest" time="1.331" classname="org.crssbrows.CrossProject"/>
</testsuite> <!-- org.crssbrows.CrossProject -->
