<?xml version="1.0" encoding="UTF-8"?>
<!-- Generated by org.testng.reporters.JUnitReportReporter -->
<testsuite name="org.paralleltest.C" tests="3" time="0.011" ignored="0" failures="0" timestamp="15 Apr 2022 02:01:19 GMT" skipped="0" hostname="LAPTOP-A9456698" errors="0">
  <testcase name="testC1" time="0.009" classname="org.paralleltest.C"/>
  <testcase name="testC3" time="0.001" classname="org.paralleltest.C"/>
  <testcase name="testC2" time="0.001" classname="org.paralleltest.C"/>
</testsuite> <!-- org.paralleltest.C -->
