<?xml version="1.0" encoding="UTF-8"?>
<!-- Generated by org.testng.reporters.JUnitReportReporter -->
<testsuite name="org.practice.GetDate" tests="3" time="0.011" ignored="0" failures="0" timestamp="15 Apr 2022 01:23:12 GMT" skipped="0" hostname="LAPTOP-A9456698" errors="0">
  <testcase name="test" time="0.002" classname="org.practice.GetDate"/>
  <testcase name="test" time="0.008" classname="org.practice.GetDate"/>
  <testcase name="test" time="0.001" classname="org.practice.GetDate"/>
</testsuite> <!-- org.practice.GetDate -->
