<?xml version="1.0" encoding="UTF-8"?>
<!-- Generated by org.testng.reporters.JUnitReportReporter -->
<testsuite name="org.dataexcel.datas" tests="1" time="0.000" ignored="0" failures="0" timestamp="13 Apr 2022 06:26:40 GMT" skipped="1" hostname="LAPTOP-A9456698" errors="0">
  <testcase name="datecheck" time="0.000" classname="org.dataexcel.datas">
    <skipped/>
  </testcase> <!-- datecheck -->
</testsuite> <!-- org.dataexcel.datas -->
