<?xml version="1.0" encoding="UTF-8"?>
<!-- Generated by org.testng.reporters.JUnitReportReporter -->
<testsuite name="org.reruntest.CrossBrowser" tests="1" time="2.128" ignored="0" failures="0" timestamp="11 Apr 2022 05:48:15 GMT" skipped="0" hostname="LAPTOP-A9456698" errors="0">
  <testcase name="logintest" time="2.128" classname="org.reruntest.CrossBrowser"/>
</testsuite> <!-- org.reruntest.CrossBrowser -->
