<?xml version="1.0" encoding="UTF-8"?>
<!-- Generated by org.testng.reporters.JUnitReportReporter -->
<testsuite name="org.test.Pgm1" tests="1" time="0.008" ignored="0" failures="0" timestamp="19 Apr 2022 13:44:31 GMT" skipped="0" hostname="LAPTOP-A9456698" errors="0">
  <testcase name="logintest" time="0.008" classname="org.test.Pgm1"/>
</testsuite> <!-- org.test.Pgm1 -->
