<?xml version="1.0" encoding="UTF-8"?>
<!-- Generated by org.testng.reporters.JUnitReportReporter -->
<testsuite name="org.dataexcel.ExcelProvider" tests="1" time="2.649" ignored="0" failures="0" timestamp="13 Apr 2022 06:26:47 GMT" skipped="0" hostname="LAPTOP-A9456698" errors="0">
  <testcase name="logintest" time="2.649" classname="org.dataexcel.ExcelProvider"/>
</testsuite> <!-- org.dataexcel.ExcelProvider -->
